<html>
<body>
<pre>
<h1>µVision Build Log</h1>
<h2>Tool Versions:</h2>
IDE-Version: ¦ÌVision V5.23.0.0
Copyright (C) 2017 ARM Ltd and ARM Germany GmbH. All rights reserved.
License Information: dai youcai, suzhou, LIC=IK1EV-P3FEV-UHN8H-WSPEP-9KMD5-C5BT6
 
Tool Versions:
Toolchain:       MDK-ARM Plus  Version: 5.23
Toolchain Path:  F:\Program Files (x86)\KEIL_V5.23\ARM\ARMCC\Bin
C Compiler:      Armcc.exe V5.06 update 4 (build 422)
Assembler:       Armasm.exe V5.06 update 4 (build 422)
Linker/Locator:  ArmLink.exe V5.06 update 4 (build 422)
Library Manager: ArmAr.exe V5.06 update 4 (build 422)
Hex Converter:   FromElf.exe V5.06 update 4 (build 422)
CPU DLL:         SARMCM3.DLL V5.23
Dialog DLL:      DCM.DLL V1.15.0.0
Target DLL:      Segger\JL2CM3.dll V2.99.23.0
Dialog DLL:      TCM.DLL V1.27.0.0
 
<h2>Project:</h2>
C:\Users\youcai\Desktop\Lwip_PCB\LWIP_EVAM\MDK-ARM\Lwip_EVAM.uvprojx
Project File Date:  06/10/2019

<h2>Output:</h2>
*** Using Compiler 'V5.06 update 4 (build 422)', folder: 'F:\Program Files (x86)\KEIL_V5.23\ARM\ARMCC\Bin'
Build target 'Target 1'
compiling lcd_log.c...
..\Drivers\BSP\STM324x9I_EVAL\stm324x9i_eval_debug.h(41): warning:  #1295-D: Deprecated declaration BSP_USART_Debug_Init - give arg types
  void BSP_USART_Debug_Init();
..\Drivers\BSP\STM324x9I_EVAL\stm324x9i_eval_debug.h(50): warning:  #1-D: last line of file ends without a newline
  /************************ (C) COPYRIGHT Grotesque.Nrw.Brg *****END OF FILE****/
..\Utilities\Log\lcd_log.c: 2 warnings, 0 errors
compiling main.c...
..\Drivers\BSP\STM324x9I_EVAL\stm324x9i_eval_debug.h(41): warning:  #1295-D: Deprecated declaration BSP_USART_Debug_Init - give arg types
  void BSP_USART_Debug_Init();
..\Drivers\BSP\STM324x9I_EVAL\stm324x9i_eval_debug.h(50): warning:  #1-D: last line of file ends without a newline
  /************************ (C) COPYRIGHT Grotesque.Nrw.Brg *****END OF FILE****/
..\Src\main.c: 2 warnings, 0 errors
compiling app_ethernet.c...
..\Drivers\BSP\STM324x9I_EVAL\stm324x9i_eval_debug.h(41): warning:  #1295-D: Deprecated declaration BSP_USART_Debug_Init - give arg types
  void BSP_USART_Debug_Init();
..\Drivers\BSP\STM324x9I_EVAL\stm324x9i_eval_debug.h(50): warning:  #1-D: last line of file ends without a newline
  /************************ (C) COPYRIGHT Grotesque.Nrw.Brg *****END OF FILE****/
..\Src\app_ethernet.c: 2 warnings, 0 errors
compiling udpecho.c...
compiling tcpecho.c...
compiling stm32f4xx_hal_timebase_tim.c...
compiling ethernetif.c...
..\Drivers\BSP\STM324x9I_EVAL\stm324x9i_eval_debug.h(41): warning:  #1295-D: Deprecated declaration BSP_USART_Debug_Init - give arg types
  void BSP_USART_Debug_Init();
..\Drivers\BSP\STM324x9I_EVAL\stm324x9i_eval_debug.h(50): warning:  #1-D: last line of file ends without a newline
  /************************ (C) COPYRIGHT Grotesque.Nrw.Brg *****END OF FILE****/
..\Src\ethernetif.c(354): warning:  #177-D: variable "i"  was declared but never referenced
    uint32_t i; //debug count variable
..\Src\ethernetif.c(538): warning:  #177-D: variable "i"  was declared but never referenced
    uint32_t i; //debug count variable
..\Src\ethernetif.c: 4 warnings, 0 errors
compiling stm32f4xx_it.c...
..\Drivers\BSP\STM324x9I_EVAL\stm324x9i_eval_debug.h(41): warning:  #1295-D: Deprecated declaration BSP_USART_Debug_Init - give arg types
  void BSP_USART_Debug_Init();
..\Drivers\BSP\STM324x9I_EVAL\stm324x9i_eval_debug.h(50): warning:  #1-D: last line of file ends without a newline
  /************************ (C) COPYRIGHT Grotesque.Nrw.Brg *****END OF FILE****/
..\Src\stm32f4xx_it.c: 2 warnings, 0 errors
compiling stm324x9i_eval.c...
compiling stm324x9i_eval_io.c...
compiling ip4_addr.c...
compiling autoip.c...
compiling stm324x9i_eval_lcd.c...
compiling ip4.c...
..\Third_Party\LwIP\src\core\ipv4\ip4.c(1037): warning:  #177-D: variable "iphdr"  was declared but never referenced
    struct ip_hdr *iphdr = (struct ip_hdr *)p->payload;
..\Third_Party\LwIP\src\core\ipv4\ip4.c: 1 warning, 0 errors
compiling dhcp.c...
compiling igmp.c...
compiling icmp.c...
compiling etharp.c...
compiling timers.c...
compiling croutine.c...
compiling list.c...
compiling tasks.c...
compiling queue.c...
compiling stm324x9i_eval_sdram.c...
compiling system_stm32f4xx.c...
compiling stm32f4xx_hal_cortex.c...
compiling stm32f4xx_ll_fmc.c...
compiling stm32f4xx_hal_uart.c...
compiling stm32f4xx_hal_flash_ex.c...
compiling stm32f4xx_hal_tim_ex.c...
compiling stm32f4xx_hal_sdram.c...
compiling stm32f4xx_hal.c...
compiling stm32f4xx_hal_flash.c...
compiling stm32f4xx_hal_pwr.c...
compiling stm32f4xx_hal_gpio.c...
compiling stm32f4xx_hal_i2c_ex.c...
compiling stm32f4xx_hal_dma.c...
compiling stm32f4xx_hal_i2c.c...
compiling stm32f4xx_hal_ltdc.c...
compiling stm32f4xx_hal_dma2d.c...
compiling stm32f4xx_hal_tim.c...
compiling stm32f4xx_hal_eth.c...
compiling stm32f4xx_hal_rcc.c...
compiling stm32f4xx_hal_rcc_ex.c...
compiling heap_4.c...
compiling port.c...
compiling cmsis_os.c...
compiling netifapi.c...
compiling api_msg.c...
compiling netbuf.c...
compiling err.c...
compiling tcpip.c...
compiling netdb.c...
compiling sockets.c...
compiling api_lib.c...
compiling stmpe1600.c...
compiling stmpe811.c...
compiling inet_chksum.c...
compiling raw.c...
compiling ip.c...
compiling def.c...
compiling init.c...
compiling timeouts.c...
compiling udp.c...
compiling netif.c...
compiling pbuf.c...
compiling tcp_out.c...
compiling sys.c...
compiling tcp.c...
compiling mem.c...
compiling memp.c...
compiling dns.c...
compiling stats.c...
compiling ethernet.c...
compiling sys_arch.c...
assembling startup_stm32f429xx.s...
startup_stm32f429xx.s(58): error: A1163E: Unknown opcode MODULE , expecting opcode or Macro
startup_stm32f429xx.s(61): error: A1163E: Unknown opcode SECTION , expecting opcode or Macro
startup_stm32f429xx.s(63): error: A1163E: Unknown opcode SECTION , expecting opcode or Macro
startup_stm32f429xx.s(67): error: A1163E: Unknown opcode PUBLIC , expecting opcode or Macro
startup_stm32f429xx.s(69): error: A1159E: Label missing from line start
startup_stm32f429xx.s(70): error: A1355U: A Label was found which was in no AREA
compiling stm32f4xx_hal_pwr_ex.c...
".\Lwip_EVAM.axf" - 6 Error(s), 13 Warning(s).

<h2>Collection of Component include folders:</h2>
  .\RTE\_Target_1
  F:\Program Files (x86)\KEIL_V5.23\ARM\PACK\Keil\STM32F4xx_DFP\2.13.0\Drivers\CMSIS\Device\ST\STM32F4xx\Include

<h2>Collection of Component Files used:</h2>
Target not created.
Build Time Elapsed:  00:01:18
</pre>
</body>
</html>
